#
# A fatal error has been detected by the Java Runtime Environment:
#
#  SIGSEGV (0xb) at pc=0x00007fff6c02081d, pid=720, tid=0x0000000000000307
#
# JRE version: Java(TM) SE Runtime Environment (8.0_241-b07) (build 1.8.0_241-b07)
# Java VM: Java HotSpot(TM) 64-Bit Server VM (25.241-b07 mixed mode bsd-amd64 compressed oops)
# Problematic frame:
# C  [libobjc.A.dylib+0x681d]  objc_msgSend+0x1d
#
# Failed to write core dump. Core dumps have been disabled. To enable core dumping, try "ulimit -c unlimited" before starting Java again
#
# If you would like to submit a bug report, please visit:
#   http://bugreport.java.com/bugreport/crash.jsp
# The crash happened outside the Java Virtual Machine in native code.
# See problematic frame for where to report the bug.
#

---------------  T H R E A D  ---------------

Current thread (0x00007faffd191800):  JavaThread "AWT-AppKit" daemon [_thread_in_native, id=775, stack(0x00007ffee24db000,0x00007ffee2cdb000)]

siginfo: si_signo: 11 (SIGSEGV), si_code: 1 (SEGV_MAPERR), si_addr: 0x0000000000000018

Registers:
RAX=0x00007fb001ae4630, RBX=0x000000015a5c5450, RCX=0x6117f67190840001, RDX=0x0000000000000001
RSP=0x00007ffee2cd6388, RBP=0x00007ffee2cd6440, RSI=0x00007fff7746e28e, RDI=0x00007fb000a8cac0
R8 =0x0000000000000000, R9 =0x0000000000000031, R10=0x0000000000000000, R11=0x00007fff7746e28e
R12=0x0000000000000000, R13=0x000000015d95e608, R14=0x000000015a5c5440, R15=0x00007faffd191800
RIP=0x00007fff6c02081d, EFLAGS=0x0000000000010246, ERR=0x0000000000000004
  TRAPNO=0x000000000000000e

Top of Stack: (sp=0x00007ffee2cd6388)
0x00007ffee2cd6388:   000000015a5c3157 00007ffee2cd63e0
0x00007ffee2cd6398:   0000000000000003 00007ffee2cd63c0
0x00007ffee2cd63a8:   000000010d94460a 000000015d95e608
0x00007ffee2cd63b8:   000000015d95e608 00007fb001ae4630
0x00007ffee2cd63c8:   000000015a5c56a0 000000015a5c5710
0x00007ffee2cd63d8:   00007fff8aa25e98 00007fff8c311148
0x00007ffee2cd63e8:   000000015a5c5450 000000015a5c5690
0x00007ffee2cd63f8:   00007fb001ae4630 00007fb000a8cac0
0x00007ffee2cd6408:   00007faffc62acb0 00007fb001ae4630
0x00007ffee2cd6418:   00007fb000a8cac0 00007ffee2cd64c8
0x00007ffee2cd6428:   00007faffd1919f8 000000015d95e608
0x00007ffee2cd6438:   00007ffee2cd64f0 00007ffee2cd64b8
0x00007ffee2cd6448:   000000011adaf667 000000015d95e608
0x00007ffee2cd6458:   00007ffee2cd64f0 00007ffee2cd64b8
0x00007ffee2cd6468:   000000011adaf3c7 000000011adaf382
0x00007ffee2cd6478:   00007ffee2cd6478 000000015d95e608
0x00007ffee2cd6488:   00007ffee2cd64f0 000000015d961240
0x00007ffee2cd6498:   0000000000000000 000000015d95e608
0x00007ffee2cd64a8:   0000000000000000 00007ffee2cd64d8
0x00007ffee2cd64b8:   00007ffee2cd6538 000000011ad9f2bd
0x00007ffee2cd64c8:   0000000740dbb9c0 000000011ada8d18
0x00007ffee2cd64d8:   00007fb001ae4630 00007ffee2cd6538
0x00007ffee2cd64e8:   00007fb000a8cac0 000000011adaa782
0x00007ffee2cd64f8:   00007ffee2cd64f8 000000015d95e7d2
0x00007ffee2cd6508:   00007ffee2cd6560 000000015d961240
0x00007ffee2cd6518:   0000000000000000 000000015d95e7e0
0x00007ffee2cd6528:   00007ffee2cd64d8 00007ffee2cd6548
0x00007ffee2cd6538:   00007ffee2cd65a8 000000011ad9f2bd
0x00007ffee2cd6548:   00007fb001ae4630 0000000740b6bc38
0x00007ffee2cd6558:   00007fb000a8cac0 0000000740b6bc38
0x00007ffee2cd6568:   00007ffee2cd6568 000000015ff00216
0x00007ffee2cd6578:   00007ffee2cd65b8 000000015ff002d0 

Instructions: (pc=0x00007fff6c02081d)
0x00007fff6c0207fd:   44 00 00 48 85 ff 2e 74 72 40 f6 c7 01 2e 75 76
0x00007fff6c02080d:   49 ba f8 ff ff ff ff 7f 00 00 4c 23 17 49 89 f3
0x00007fff6c02081d:   45 23 5a 18 49 c1 e3 04 4d 03 5a 10 49 3b 33 75
0x00007fff6c02082d:   0a 4d 8b 5b 08 4d 31 d3 41 ff e3 49 83 3b 01 76 

Register to memory mapping:

RAX=0x00007fb001ae4630 is an unknown value
RBX=0x000000015a5c5450: Java_jogamp_nativewindow_macosx_OSXUtil_GetScreenRefreshRate0+0x1cf0 in /private/var/folders/rw/x175gvbd0wj3cb72k2p149b00000gn/T/jogamp_0000/file_cache/jln6726290296028499220/jln4394282273724804875/libnativewindow_macosx.jnilib at 0x000000015a5be000
RCX=0x6117f67190840001 is an unknown value
RDX=0x0000000000000001 is an unknown value
RSP=0x00007ffee2cd6388 is pointing into the stack for thread: 0x00007faffd191800
RBP=0x00007ffee2cd6440 is pointing into the stack for thread: 0x00007faffd191800
RSI=0x00007fff7746e28e: GCC_except_table740+0xb4243be in /usr/lib/libobjc.A.dylib at 0x00007fff6c01a000
RDI=0x00007fb000a8cac0 is an unknown value
R8 =0x0000000000000000 is an unknown value
R9 =0x0000000000000031 is an unknown value
R10=0x0000000000000000 is an unknown value
R11=0x00007fff7746e28e: GCC_except_table740+0xb4243be in /usr/lib/libobjc.A.dylib at 0x00007fff6c01a000
R12=0x0000000000000000 is an unknown value
R13={method} {0x000000015d95e608} 'UnsetJAWTRootSurfaceLayer0' '(JJ)V' in 'jogamp/nativewindow/jawt/macosx/MacOSXJAWTWindow'
R14=0x000000015a5c5440: Java_jogamp_nativewindow_macosx_OSXUtil_GetScreenRefreshRate0+0x1ce0 in /private/var/folders/rw/x175gvbd0wj3cb72k2p149b00000gn/T/jogamp_0000/file_cache/jln6726290296028499220/jln4394282273724804875/libnativewindow_macosx.jnilib at 0x000000015a5be000
R15=0x00007faffd191800 is a thread


Stack: [0x00007ffee24db000,0x00007ffee2cdb000],  sp=0x00007ffee2cd6388,  free space=8172k
Native frames: (J=compiled Java code, j=interpreted, Vv=VM code, C=native code)
C  [libobjc.A.dylib+0x681d]  objc_msgSend+0x1d
j  jogamp.nativewindow.jawt.macosx.MacOSXJAWTWindow.UnsetJAWTRootSurfaceLayer0(JJ)V+0
j  jogamp.nativewindow.jawt.macosx.MacOSXJAWTWindow.access$200(JJ)V+2
j  jogamp.nativewindow.jawt.macosx.MacOSXJAWTWindow$1.run()V+38
j  com.jogamp.common.util.RunnableTask.run()V+24
v  ~StubRoutines::call_stub
V  [libjvm.dylib+0x2f1b06]  JavaCalls::call_helper(JavaValue*, methodHandle*, JavaCallArguments*, Thread*)+0x6ae
V  [libjvm.dylib+0x328e44]  jni_invoke_nonstatic(JNIEnv_*, JavaValue*, _jobject*, JNICallType, _jmethodID*, JNI_ArgumentPusher*, Thread*)+0x2ec
V  [libjvm.dylib+0x31b627]  jni_CallVoidMethod+0x16b
C  [libnativewindow_macosx.jnilib+0x5326]  Java_jogamp_nativewindow_jawt_macosx_MacOSXJAWTWindow_UnsetJAWTRootSurfaceLayer0+0x2b6
C  [Foundation+0x9b0dd]  __NSThreadPerformPerform+0xcc
C  [CoreFoundation+0x83de2]  __CFRUNLOOP_IS_CALLING_OUT_TO_A_SOURCE0_PERFORM_FUNCTION__+0x11
C  [CoreFoundation+0x83d81]  __CFRunLoopDoSource0+0x67
C  [CoreFoundation+0x83b9b]  __CFRunLoopDoSources0+0xd1
C  [CoreFoundation+0x828ca]  __CFRunLoopRun+0x39f
C  [CoreFoundation+0x81ece]  CFRunLoopRunSpecific+0x1ce
C  [HIToolbox+0x2fabd]  RunCurrentEventLoopInMode+0x124
C  [HIToolbox+0x2f6f4]  ReceiveNextEventCommon+0x167
C  [HIToolbox+0x2f579]  _BlockUntilNextEventMatchingListInModeWithFilter+0x40
C  [AppKit+0x41829]  _DPSNextEvent+0x373
C  [AppKit+0x40070]  -[NSApplication(NSEvent) _nextEventMatchingEventMask:untilDate:inMode:dequeue:]+0x548
C  [libosxapp.dylib+0x2328]  -[NSApplicationAWT nextEventMatchingMask:untilDate:inMode:dequeue:]+0x7c
C  [AppKit+0x31d7e]  -[NSApplication run]+0x292
C  [libosxapp.dylib+0x1f72]  +[NSApplicationAWT runAWTLoopWithApp:]+0x9c
C  [libawt_lwawt.dylib+0x4710f]  -[AWTStarter starter:]+0x389
C  [Foundation+0x9b0dd]  __NSThreadPerformPerform+0xcc
C  [CoreFoundation+0x83de2]  __CFRUNLOOP_IS_CALLING_OUT_TO_A_SOURCE0_PERFORM_FUNCTION__+0x11
C  [CoreFoundation+0x83d81]  __CFRunLoopDoSource0+0x67
C  [CoreFoundation+0x83b9b]  __CFRunLoopDoSources0+0xd1
C  [CoreFoundation+0x828ca]  __CFRunLoopRun+0x39f
C  [CoreFoundation+0x81ece]  CFRunLoopRunSpecific+0x1ce
C  [java+0x646e]  CreateExecutionEnvironment+0x367
C  [java+0x203c]  JLI_Launch+0x7a0
C  [java+0x84cb]  main+0x65
C  [java+0x1894]  start+0x34
C  0x0000000000000007

Java frames: (J=compiled Java code, j=interpreted, Vv=VM code)
j  jogamp.nativewindow.jawt.macosx.MacOSXJAWTWindow.UnsetJAWTRootSurfaceLayer0(JJ)V+0
j  jogamp.nativewindow.jawt.macosx.MacOSXJAWTWindow.access$200(JJ)V+2
j  jogamp.nativewindow.jawt.macosx.MacOSXJAWTWindow$1.run()V+38
j  com.jogamp.common.util.RunnableTask.run()V+24
v  ~StubRoutines::call_stub

---------------  P R O C E S S  ---------------

Java Threads: ( => current thread )
  0x00007fb0048b1800 JavaThread "NativeWindowFactory_ShutdownHook" [_thread_in_Java, id=60191, stack(0x000070000d7b5000,0x000070000d8b5000)]
  0x00007faffd588800 JavaThread "Thread-32" [_thread_blocked, id=67503, stack(0x000070000da3e000,0x000070000db3e000)]
  0x00007faffe0a4000 JavaThread "AWT-EventQueue-1" [_thread_blocked, id=56359, stack(0x000070000d93b000,0x000070000da3b000)]
  0x00007faffc9e7000 JavaThread "DestroyJavaVM" [_thread_blocked, id=3587, stack(0x000070000c16a000,0x000070000c26a000)]
  0x00007faffd28b800 JavaThread "AWT-EventQueue-0" [_thread_blocked, id=71431, stack(0x000070000d6b2000,0x000070000d7b2000)]
  0x00007faffd8fa000 JavaThread "Java2D Disposer" daemon [_thread_blocked, id=77583, stack(0x000070000d429000,0x000070000d529000)]
  0x00007faffd230000 JavaThread "Java2D Queue Flusher" daemon [_thread_blocked, id=46611, stack(0x000070000d326000,0x000070000d426000)]
  0x00007faffe11b000 JavaThread "AWT-Shutdown" [_thread_blocked, id=25627, stack(0x000070000d11d000,0x000070000d21d000)]
=>0x00007faffd191800 JavaThread "AWT-AppKit" daemon [_thread_in_native, id=775, stack(0x00007ffee24db000,0x00007ffee2cdb000)]
  0x00007faffd815000 JavaThread "Service Thread" daemon [_thread_blocked, id=14595, stack(0x000070000ce94000,0x000070000cf94000)]
  0x00007faffd80c800 JavaThread "C1 CompilerThread2" daemon [_thread_blocked, id=18435, stack(0x000070000cd91000,0x000070000ce91000)]
  0x00007faffd06a000 JavaThread "C2 CompilerThread1" daemon [_thread_blocked, id=14083, stack(0x000070000cc8e000,0x000070000cd8e000)]
  0x00007faffd068800 JavaThread "C2 CompilerThread0" daemon [_thread_blocked, id=18947, stack(0x000070000cb8b000,0x000070000cc8b000)]
  0x00007faffd068000 JavaThread "Signal Dispatcher" daemon [_thread_blocked, id=13827, stack(0x000070000ca88000,0x000070000cb88000)]
  0x00007faffd02e000 JavaThread "Finalizer" daemon [_thread_blocked, id=12035, stack(0x000070000c87f000,0x000070000c97f000)]
  0x00007faffd02d000 JavaThread "Reference Handler" daemon [_thread_blocked, id=11779, stack(0x000070000c77c000,0x000070000c87c000)]

Other Threads:
  0x00007faffd80b800 VMThread [stack: 0x000070000c679000,0x000070000c779000] [id=11267]
  0x00007faffd820000 WatcherThread [stack: 0x000070000cf97000,0x000070000d097000] [id=14851]

VM state:not at safepoint (normal execution)

VM Mutex/Monitor currently owned by a thread: None

heap address: 0x0000000740000000, size: 2048 MB, Compressed Oops mode: Zero based, Oop shift amount: 3
Narrow klass base: 0x0000000000000000, Narrow klass shift: 3
Compressed class space size: 1073741824 Address: 0x00000007c0000000

Heap:
 PSYoungGen      total 24576K, used 23836K [0x0000000795580000, 0x0000000796e80000, 0x00000007c0000000)
  eden space 24064K, 98% used [0x0000000795580000,0x0000000796caf318,0x0000000796d00000)
  from space 512K, 18% used [0x0000000796e00000,0x0000000796e18000,0x0000000796e80000)
  to   space 512K, 0% used [0x0000000796d80000,0x0000000796d80000,0x0000000796e00000)
 ParOldGen       total 87552K, used 19098K [0x0000000740000000, 0x0000000745580000, 0x0000000795580000)
  object space 87552K, 21% used [0x0000000740000000,0x00000007412a6908,0x0000000745580000)
 Metaspace       used 19734K, capacity 20099K, committed 20224K, reserved 1067008K
  class space    used 1930K, capacity 2030K, committed 2048K, reserved 1048576K

Card table byte_map: [0x000000010eb7e000,0x000000010ef7f000] byte_map_base: 0x000000010b17e000

Marking Bits: (ParMarkBitMap*) 0x000000010e101f80
 Begin Bits: [0x000000010f22a000, 0x000000011122a000)
 End Bits:   [0x000000011122a000, 0x000000011322a000)

Polling page: 0x000000010cf96000

CodeCache: size=245760Kb used=9215Kb max_used=9342Kb free=236544Kb
 bounds [0x000000011ad97000, 0x000000011b6d7000, 0x0000000129d97000]
 total_blobs=3373 nmethods=2473 adapters=813
 compilation: enabled

Compilation events (10 events):
Event: 1434.802 Thread 0x00007faffd80c800 nmethod 2793 0x000000011b3b0c50 code [0x000000011b3b0da0, 0x000000011b3b0f10]
Event: 1434.840 Thread 0x00007faffd80c800 2794       1       com.jogamp.opengl.FBObject$ColorAttachment::isTextureAttachment (2 bytes)
Event: 1434.840 Thread 0x00007faffd80c800 nmethod 2794 0x000000011b214b50 code [0x000000011b214ca0, 0x000000011b214db0]
Event: 1434.841 Thread 0x00007faffd80c800 2795       3       com.jogamp.opengl.FBObject$Attachment::setName (6 bytes)
Event: 1434.841 Thread 0x00007faffd80c800 nmethod 2795 0x000000011b403610 code [0x000000011b403760, 0x000000011b4038b0]
Event: 1434.841 Thread 0x00007faffd06a000 2796  s    4       sun.misc.URLClassPath::getNextLoader (88 bytes)
Event: 1434.845 Thread 0x00007faffd80c800 2797       3       javax.swing.JComponent::getX (5 bytes)
Event: 1434.846 Thread 0x00007faffd80c800 nmethod 2797 0x000000011b3fdc90 code [0x000000011b3fde00, 0x000000011b3fdf70]
Event: 1434.846 Thread 0x00007faffd80c800 2798       3       javax.swing.JComponent::getY (5 bytes)
Event: 1434.846 Thread 0x00007faffd80c800 nmethod 2798 0x000000011b401d50 code [0x000000011b401ec0, 0x000000011b402030]

GC Heap History (10 events):
Event: 1394.961 GC heap before
{Heap before GC invocations=174 (full 0):
 PSYoungGen      total 24576K, used 24160K [0x0000000795580000, 0x0000000796e80000, 0x00000007c0000000)
  eden space 24064K, 100% used [0x0000000795580000,0x0000000796d00000,0x0000000796d00000)
  from space 512K, 18% used [0x0000000796d80000,0x0000000796d98000,0x0000000796e00000)
  to   space 512K, 0% used [0x0000000796e00000,0x0000000796e00000,0x0000000796e80000)
 ParOldGen       total 87552K, used 19098K [0x0000000740000000, 0x0000000745580000, 0x0000000795580000)
  object space 87552K, 21% used [0x0000000740000000,0x00000007412a6908,0x0000000745580000)
 Metaspace       used 19665K, capacity 20095K, committed 20224K, reserved 1067008K
  class space    used 1917K, capacity 2028K, committed 2048K, reserved 1048576K
Event: 1394.965 GC heap after
Heap after GC invocations=174 (full 0):
 PSYoungGen      total 24576K, used 64K [0x0000000795580000, 0x0000000796e80000, 0x00000007c0000000)
  eden space 24064K, 0% used [0x0000000795580000,0x0000000795580000,0x0000000796d00000)
  from space 512K, 12% used [0x0000000796e00000,0x0000000796e10000,0x0000000796e80000)
  to   space 512K, 0% used [0x0000000796d80000,0x0000000796d80000,0x0000000796e00000)
 ParOldGen       total 87552K, used 19098K [0x0000000740000000, 0x0000000745580000, 0x0000000795580000)
  object space 87552K, 21% used [0x0000000740000000,0x00000007412a6908,0x0000000745580000)
 Metaspace       used 19665K, capacity 20095K, committed 20224K, reserved 1067008K
  class space    used 1917K, capacity 2028K, committed 2048K, reserved 1048576K
}
Event: 1403.012 GC heap before
{Heap before GC invocations=175 (full 0):
 PSYoungGen      total 24576K, used 24128K [0x0000000795580000, 0x0000000796e80000, 0x00000007c0000000)
  eden space 24064K, 100% used [0x0000000795580000,0x0000000796d00000,0x0000000796d00000)
  from space 512K, 12% used [0x0000000796e00000,0x0000000796e10000,0x0000000796e80000)
  to   space 512K, 0% used [0x0000000796d80000,0x0000000796d80000,0x0000000796e00000)
 ParOldGen       total 87552K, used 19098K [0x0000000740000000, 0x0000000745580000, 0x0000000795580000)
  object space 87552K, 21% used [0x0000000740000000,0x00000007412a6908,0x0000000745580000)
 Metaspace       used 19665K, capacity 20095K, committed 20224K, reserved 1067008K
  class space    used 1917K, capacity 2028K, committed 2048K, reserved 1048576K
Event: 1403.015 GC heap after
Heap after GC invocations=175 (full 0):
 PSYoungGen      total 24576K, used 128K [0x0000000795580000, 0x0000000796e80000, 0x00000007c0000000)
  eden space 24064K, 0% used [0x0000000795580000,0x0000000795580000,0x0000000796d00000)
  from space 512K, 25% used [0x0000000796d80000,0x0000000796da0000,0x0000000796e00000)
  to   space 512K, 0% used [0x0000000796e00000,0x0000000796e00000,0x0000000796e80000)
 ParOldGen       total 87552K, used 19098K [0x0000000740000000, 0x0000000745580000, 0x0000000795580000)
  object space 87552K, 21% used [0x0000000740000000,0x00000007412a6908,0x0000000745580000)
 Metaspace       used 19665K, capacity 20095K, committed 20224K, reserved 1067008K
  class space    used 1917K, capacity 2028K, committed 2048K, reserved 1048576K
}
Event: 1411.140 GC heap before
{Heap before GC invocations=176 (full 0):
 PSYoungGen      total 24576K, used 24192K [0x0000000795580000, 0x0000000796e80000, 0x00000007c0000000)
  eden space 24064K, 100% used [0x0000000795580000,0x0000000796d00000,0x0000000796d00000)
  from space 512K, 25% used [0x0000000796d80000,0x0000000796da0000,0x0000000796e00000)
  to   space 512K, 0% used [0x0000000796e00000,0x0000000796e00000,0x0000000796e80000)
 ParOldGen       total 87552K, used 19098K [0x0000000740000000, 0x0000000745580000, 0x0000000795580000)
  object space 87552K, 21% used [0x0000000740000000,0x00000007412a6908,0x0000000745580000)
 Metaspace       used 19665K, capacity 20095K, committed 20224K, reserved 1067008K
  class space    used 1917K, capacity 2028K, committed 2048K, reserved 1048576K
Event: 1411.142 GC heap after
Heap after GC invocations=176 (full 0):
 PSYoungGen      total 24576K, used 96K [0x0000000795580000, 0x0000000796e80000, 0x00000007c0000000)
  eden space 24064K, 0% used [0x0000000795580000,0x0000000795580000,0x0000000796d00000)
  from space 512K, 18% used [0x0000000796e00000,0x0000000796e18000,0x0000000796e80000)
  to   space 512K, 0% used [0x0000000796d80000,0x0000000796d80000,0x0000000796e00000)
 ParOldGen       total 87552K, used 19098K [0x0000000740000000, 0x0000000745580000, 0x0000000795580000)
  object space 87552K, 21% used [0x0000000740000000,0x00000007412a6908,0x0000000745580000)
 Metaspace       used 19665K, capacity 20095K, committed 20224K, reserved 1067008K
  class space    used 1917K, capacity 2028K, committed 2048K, reserved 1048576K
}
Event: 1419.227 GC heap before
{Heap before GC invocations=177 (full 0):
 PSYoungGen      total 24576K, used 24160K [0x0000000795580000, 0x0000000796e80000, 0x00000007c0000000)
  eden space 24064K, 100% used [0x0000000795580000,0x0000000796d00000,0x0000000796d00000)
  from space 512K, 18% used [0x0000000796e00000,0x0000000796e18000,0x0000000796e80000)
  to   space 512K, 0% used [0x0000000796d80000,0x0000000796d80000,0x0000000796e00000)
 ParOldGen       total 87552K, used 19098K [0x0000000740000000, 0x0000000745580000, 0x0000000795580000)
  object space 87552K, 21% used [0x0000000740000000,0x00000007412a6908,0x0000000745580000)
 Metaspace       used 19665K, capacity 20095K, committed 20224K, reserved 1067008K
  class space    used 1917K, capacity 2028K, committed 2048K, reserved 1048576K
Event: 1419.229 GC heap after
Heap after GC invocations=177 (full 0):
 PSYoungGen      total 24576K, used 96K [0x0000000795580000, 0x0000000796e80000, 0x00000007c0000000)
  eden space 24064K, 0% used [0x0000000795580000,0x0000000795580000,0x0000000796d00000)
  from space 512K, 18% used [0x0000000796d80000,0x0000000796d98000,0x0000000796e00000)
  to   space 512K, 0% used [0x0000000796e00000,0x0000000796e00000,0x0000000796e80000)
 ParOldGen       total 87552K, used 19098K [0x0000000740000000, 0x0000000745580000, 0x0000000795580000)
  object space 87552K, 21% used [0x0000000740000000,0x00000007412a6908,0x0000000745580000)
 Metaspace       used 19665K, capacity 20095K, committed 20224K, reserved 1067008K
  class space    used 1917K, capacity 2028K, committed 2048K, reserved 1048576K
}
Event: 1427.267 GC heap before
{Heap before GC invocations=178 (full 0):
 PSYoungGen      total 24576K, used 24160K [0x0000000795580000, 0x0000000796e80000, 0x00000007c0000000)
  eden space 24064K, 100% used [0x0000000795580000,0x0000000796d00000,0x0000000796d00000)
  from space 512K, 18% used [0x0000000796d80000,0x0000000796d98000,0x0000000796e00000)
  to   space 512K, 0% used [0x0000000796e00000,0x0000000796e00000,0x0000000796e80000)
 ParOldGen       total 87552K, used 19098K [0x0000000740000000, 0x0000000745580000, 0x0000000795580000)
  object space 87552K, 21% used [0x0000000740000000,0x00000007412a6908,0x0000000745580000)
 Metaspace       used 19665K, capacity 20095K, committed 20224K, reserved 1067008K
  class space    used 1917K, capacity 2028K, committed 2048K, reserved 1048576K
Event: 1427.268 GC heap after
Heap after GC invocations=178 (full 0):
 PSYoungGen      total 24576K, used 96K [0x0000000795580000, 0x0000000796e80000, 0x00000007c0000000)
  eden space 24064K, 0% used [0x0000000795580000,0x0000000795580000,0x0000000796d00000)
  from space 512K, 18% used [0x0000000796e00000,0x0000000796e18000,0x0000000796e80000)
  to   space 512K, 0% used [0x0000000796d80000,0x0000000796d80000,0x0000000796e00000)
 ParOldGen       total 87552K, used 19098K [0x0000000740000000, 0x0000000745580000, 0x0000000795580000)
  object space 87552K, 21% used [0x0000000740000000,0x00000007412a6908,0x0000000745580000)
 Metaspace       used 19665K, capacity 20095K, committed 20224K, reserved 1067008K
  class space    used 1917K, capacity 2028K, committed 2048K, reserved 1048576K
}

Deoptimization events (10 events):
Event: 1434.802 Thread 0x00007faffe0a4000 Uncommon trap: reason=unstable_if action=reinterpret pc=0x000000011b5e7e38 method=java.awt.EventQueue.uncacheEQItem(Lsun/awt/EventQueueItem;)V @ 23
Event: 1434.817 Thread 0x00007faffe0a4000 Uncommon trap: reason=bimorphic action=maybe_recompile pc=0x000000011b602be4 method=java.awt.event.InvocationEvent.dispatch()V @ 11
Event: 1434.833 Thread 0x00007faffd221800 Uncommon trap: reason=unstable_if action=reinterpret pc=0x000000011b4bb090 method=java.util.HashMap.putVal(ILjava/lang/Object;Ljava/lang/Object;ZZ)Ljava/lang/Object; @ 81
Event: 1434.834 Thread 0x00007faffe0a4000 Uncommon trap: reason=bimorphic action=maybe_recompile pc=0x000000011b602be4 method=java.awt.event.InvocationEvent.dispatch()V @ 11
Event: 1434.838 Thread 0x00007faffd191800 Uncommon trap: reason=class_check action=maybe_recompile pc=0x000000011aeab400 method=com.jogamp.common.util.RunnableTask.run()V @ 24
Event: 1434.839 Thread 0x00007faffd191800 Uncommon trap: reason=unstable_if action=reinterpret pc=0x000000011aed9a7c method=jogamp.nativewindow.macosx.OSXUtil.RunOnMainThread(ZZLjava/lang/Runnable;)V @ 3
Event: 1434.841 Thread 0x00007faffe0a4000 Uncommon trap: reason=unstable_if action=reinterpret pc=0x000000011b6a85e0 method=jogamp.opengl.GLContextImpl.release(Z)V @ 161
Event: 1434.843 Thread 0x00007faffe0a4000 Uncommon trap: reason=unstable_if action=reinterpret pc=0x000000011b194698 method=java.util.LinkedList$ListItr.<init>(Ljava/util/LinkedList;I)V @ 26
Event: 1434.846 Thread 0x00007faffd191800 Uncommon trap: reason=class_check action=maybe_recompile pc=0x000000011aeab400 method=com.jogamp.common.util.RunnableTask.run()V @ 24
Event: 1434.846 Thread 0x00007faffe0a4000 Uncommon trap: reason=bimorphic action=maybe_recompile pc=0x000000011b602be4 method=java.awt.event.InvocationEvent.dispatch()V @ 11

Classes redefined (0 events):
No events

Internal exceptions (10 events):
Event: 0.196 Thread 0x00007faffe009000 Exception <a 'java/lang/NoSuchFieldError': method resolution failed> (0x00000007957a9930) thrown at [/jenkins/workspace/8-2-build-macosx-x86_64/jdk8u241/331/hotspot/src/share/vm/prims/methodHandles.cpp, line 1167]
Event: 0.523 Thread 0x00007faffe009000 Exception <a 'java/io/FileNotFoundException'> (0x0000000795824e10) thrown at [/jenkins/workspace/8-2-build-macosx-x86_64/jdk8u241/331/hotspot/src/share/vm/prims/jni.cpp, line 710]
Event: 0.523 Thread 0x00007faffe009000 Exception <a 'java/io/FileNotFoundException'> (0x00000007958259d0) thrown at [/jenkins/workspace/8-2-build-macosx-x86_64/jdk8u241/331/hotspot/src/share/vm/prims/jni.cpp, line 710]
Event: 0.844 Thread 0x00007faffe009000 Exception <a 'java/io/FileNotFoundException'> (0x00000007958a96d8) thrown at [/jenkins/workspace/8-2-build-macosx-x86_64/jdk8u241/331/hotspot/src/share/vm/prims/jni.cpp, line 710]
Event: 5.576 Thread 0x00007faffd817000 Exception <a 'java/lang/UnsatisfiedLinkError': com.jogamp.common.util.JarUtil.fixNativeLibAttribs(Ljava/lang/String;)Z> (0x0000000796c05360) thrown at [/jenkins/workspace/8-2-build-macosx-x86_64/jdk8u241/331/hotspot/src/share/vm/prims/nativeLookup.cpp, li
Event: 12.656 Thread 0x00007faffd02e000 Exception <a 'java/lang/NullPointerException'> (0x00000007956a65d0) thrown at [/jenkins/workspace/8-2-build-macosx-x86_64/jdk8u241/331/hotspot/src/share/vm/interpreter/linkResolver.cpp, line 1185]
Event: 13.845 Thread 0x00007faffe0a4000 Exception <a 'java/io/FileNotFoundException'> (0x0000000795eed320) thrown at [/jenkins/workspace/8-2-build-macosx-x86_64/jdk8u241/331/hotspot/src/share/vm/prims/jni.cpp, line 710]
Event: 13.845 Thread 0x00007faffe0a4000 Exception <a 'java/io/FileNotFoundException'> (0x0000000795ef39a8) thrown at [/jenkins/workspace/8-2-build-macosx-x86_64/jdk8u241/331/hotspot/src/share/vm/prims/jni.cpp, line 710]
Event: 13.845 Thread 0x00007faffe0a4000 Implicit null exception at 0x000000011af82376 to 0x000000011af82739
Event: 13.968 Thread 0x00007faffe0a4000 Implicit null exception at 0x000000011aec5f06 to 0x000000011aec614d

Events (10 events):
Event: 1434.845 loading class java/awt/Toolkit$ToolkitEventMulticaster done
Event: 1434.846 loading class java/awt/Window$1DisposeAction
Event: 1434.846 loading class java/awt/Window$1DisposeAction done
Event: 1434.846 Thread 0x00007faffd221800 Thread exited: 0x00007faffd221800
Event: 1434.846 Thread 0x00007faffd191800 Uncommon trap: trap_request=0xffffffde fr.pc=0x000000011aeab400
Event: 1434.846 Thread 0x00007faffd191800 DEOPT PACKING pc=0x000000011aeab400 sp=0x00007ffee2cd6600
Event: 1434.846 Thread 0x00007faffd191800 DEOPT UNPACKING pc=0x000000011addc73a sp=0x00007ffee2cd65a8 mode 2
Event: 1434.846 Thread 0x00007faffe0a4000 Uncommon trap: trap_request=0xffffffc6 fr.pc=0x000000011b602be4
Event: 1434.846 Thread 0x00007faffe0a4000 DEOPT PACKING pc=0x000000011b602be4 sp=0x000070000da38ff0
Event: 1434.846 Thread 0x00007faffe0a4000 DEOPT UNPACKING pc=0x000000011addc73a sp=0x000070000da38e88 mode 2


Dynamic libraries:
0x00007fff322b6000 	/System/Library/Frameworks/Cocoa.framework/Versions/A/Cocoa
0x00007fff3fa9e000 	/System/Library/Frameworks/Security.framework/Versions/A/Security
0x00007fff3121d000 	/System/Library/Frameworks/ApplicationServices.framework/Versions/A/ApplicationServices
0x00007fff6c6f6000 	/usr/lib/libz.1.dylib
0x00007fff6a1ba000 	/usr/lib/libSystem.B.dylib
0x00007fff6c01a000 	/usr/lib/libobjc.A.dylib
0x00007fff33156000 	/System/Library/Frameworks/CoreFoundation.framework/Versions/A/CoreFoundation
0x00007fff35810000 	/System/Library/Frameworks/Foundation.framework/Versions/C/Foundation
0x00007fff3040d000 	/System/Library/Frameworks/AppKit.framework/Versions/C/AppKit
0x00007fff32c3a000 	/System/Library/Frameworks/CoreData.framework/Versions/A/CoreData
0x00007fff641d5000 	/System/Library/PrivateFrameworks/UIFoundation.framework/Versions/A/UIFoundation
0x00007fff5f279000 	/System/Library/PrivateFrameworks/RemoteViewServices.framework/Versions/A/RemoteViewServices
0x00007fff66d2a000 	/System/Library/PrivateFrameworks/XCTTargetBootstrap.framework/Versions/A/XCTTargetBootstrap
0x00007fff33025000 	/System/Library/Frameworks/CoreDisplay.framework/Versions/A/CoreDisplay
0x00007fff386cb000 	/System/Library/Frameworks/Metal.framework/Versions/A/Metal
0x00007fff4d285000 	/System/Library/PrivateFrameworks/DesktopServicesPriv.framework/Versions/A/DesktopServicesPriv
0x00007fff6b2f5000 	/usr/lib/liblangid.dylib
0x00007fff4c51d000 	/System/Library/PrivateFrameworks/CoreSVG.framework/Versions/A/CoreSVG
0x00007fff623d2000 	/System/Library/PrivateFrameworks/SkyLight.framework/Versions/A/SkyLight
0x00007fff335d7000 	/System/Library/Frameworks/CoreGraphics.framework/Versions/A/CoreGraphics
0x00007fff2ede1000 	/System/Library/Frameworks/Accelerate.framework/Versions/A/Accelerate
0x00007fff6c5e7000 	/usr/lib/libxml2.2.dylib
0x00007fff58212000 	/System/Library/PrivateFrameworks/IconServices.framework/Versions/A/IconServices
0x00007fff35fef000 	/System/Library/Frameworks/IOSurface.framework/Versions/A/IOSurface
0x00007fff69ce4000 	/usr/lib/libDiagnosticMessagesClient.dylib
0x00007fff4d0df000 	/System/Library/PrivateFrameworks/DFRFoundation.framework/Versions/A/DFRFoundation
0x00007fff6b084000 	/usr/lib/libicucore.A.dylib
0x00007fff3154f000 	/System/Library/Frameworks/AudioToolbox.framework/Versions/A/AudioToolbox
0x00007fff31632000 	/System/Library/Frameworks/AudioUnit.framework/Versions/A/AudioUnit
0x00007fff6a3bc000 	/usr/lib/libauto.dylib
0x00007fff4d181000 	/System/Library/PrivateFrameworks/DataDetectorsCore.framework/Versions/A/DataDetectorsCore
0x00007fff31dd7000 	/System/Library/Frameworks/Carbon.framework/Versions/A/Frameworks/HIToolbox.framework/Versions/A/HIToolbox
0x00007fff3ec9b000 	/System/Library/Frameworks/QuartzCore.framework/Versions/A/QuartzCore
0x00007fff32116000 	/System/Library/Frameworks/Carbon.framework/Versions/A/Frameworks/SpeechRecognition.framework/Versions/A/SpeechRecognition
0x00007fff4cbf6000 	/System/Library/PrivateFrameworks/CoreUI.framework/Versions/A/CoreUI
0x00007fff326a5000 	/System/Library/Frameworks/CoreAudio.framework/Versions/A/CoreAudio
0x00007fff354d1000 	/System/Library/Frameworks/DiskArbitration.framework/Versions/A/DiskArbitration
0x00007fff5a260000 	/System/Library/PrivateFrameworks/MultitouchSupport.framework/Versions/A/MultitouchSupport
0x00007fff6af4b000 	/usr/lib/libenergytrace.dylib
0x00007fff35f49000 	/System/Library/Frameworks/IOKit.framework/Versions/A/IOKit
0x00007fff3453d000 	/System/Library/Frameworks/CoreServices.framework/Versions/A/CoreServices
0x00007fff5c40f000 	/System/Library/PrivateFrameworks/PerformanceAnalysis.framework/Versions/A/PerformanceAnalysis
0x00007fff3dcce000 	/System/Library/Frameworks/OpenGL.framework/Versions/A/OpenGL
0x00007fff322c4000 	/System/Library/Frameworks/ColorSync.framework/Versions/A/ColorSync
0x00007fff33c59000 	/System/Library/Frameworks/CoreImage.framework/Versions/A/CoreImage
0x00007fff34fb0000 	/System/Library/Frameworks/CoreText.framework/Versions/A/CoreText
0x00007fff3607f000 	/System/Library/Frameworks/ImageIO.framework/Versions/A/ImageIO
0x00007fff6a4a0000 	/usr/lib/libc++.1.dylib
0x00007fff6a51c000 	/usr/lib/libcompression.dylib
0x00007fff6a028000 	/usr/lib/libMobileGestalt.dylib
0x00007fff63f4a000 	/System/Library/PrivateFrameworks/TextureIO.framework/Versions/A/TextureIO
0x00007fff6a31f000 	/usr/lib/libate.dylib
0x00007fff5841b000 	/System/Library/PrivateFrameworks/InternationalSupport.framework/Versions/A/InternationalSupport
0x00007fff6cfb6000 	/usr/lib/system/libcache.dylib
0x00007fff6cfbc000 	/usr/lib/system/libcommonCrypto.dylib
0x00007fff6cfc8000 	/usr/lib/system/libcompiler_rt.dylib
0x00007fff6cfd0000 	/usr/lib/system/libcopyfile.dylib
0x00007fff6cfda000 	/usr/lib/system/libcorecrypto.dylib
0x00007fff6d179000 	/usr/lib/system/libdispatch.dylib
0x00007fff6d1ba000 	/usr/lib/system/libdyld.dylib
0x00007fff6d1f1000 	/usr/lib/system/libkeymgr.dylib
0x00007fff6d1ff000 	/usr/lib/system/liblaunch.dylib
0x00007fff6d200000 	/usr/lib/system/libmacho.dylib
0x00007fff6d206000 	/usr/lib/system/libquarantine.dylib
0x00007fff6d209000 	/usr/lib/system/libremovefile.dylib
0x00007fff6d20b000 	/usr/lib/system/libsystem_asl.dylib
0x00007fff6d223000 	/usr/lib/system/libsystem_blocks.dylib
0x00007fff6d224000 	/usr/lib/system/libsystem_c.dylib
0x00007fff6d2ac000 	/usr/lib/system/libsystem_configuration.dylib
0x00007fff6d2b0000 	/usr/lib/system/libsystem_coreservices.dylib
0x00007fff6d2b4000 	/usr/lib/system/libsystem_darwin.dylib
0x00007fff6d2bd000 	/usr/lib/system/libsystem_dnssd.dylib
0x00007fff6d2c5000 	/usr/lib/system/libsystem_featureflags.dylib
0x00007fff6d2c7000 	/usr/lib/system/libsystem_info.dylib
0x00007fff6d342000 	/usr/lib/system/libsystem_m.dylib
0x00007fff6d38a000 	/usr/lib/system/libsystem_malloc.dylib
0x00007fff6d3b2000 	/usr/lib/system/libsystem_networkextension.dylib
0x00007fff6d3c0000 	/usr/lib/system/libsystem_notify.dylib
0x00007fff6d3de000 	/usr/lib/system/libsystem_sandbox.dylib
0x00007fff6d3e3000 	/usr/lib/system/libsystem_secinit.dylib
0x00007fff6d315000 	/usr/lib/system/libsystem_kernel.dylib
0x00007fff6d3ca000 	/usr/lib/system/libsystem_platform.dylib
0x00007fff6d3d3000 	/usr/lib/system/libsystem_pthread.dylib
0x00007fff6d3e6000 	/usr/lib/system/libsystem_symptoms.dylib
0x00007fff6d3ee000 	/usr/lib/system/libsystem_trace.dylib
0x00007fff6d406000 	/usr/lib/system/libunwind.dylib
0x00007fff6d40c000 	/usr/lib/system/libxpc.dylib
0x00007fff6a4f3000 	/usr/lib/libc++abi.dylib
0x00007fff6b2f7000 	/usr/lib/liblzma.5.dylib
0x00007fff6af72000 	/usr/lib/libfakelink.dylib
0x00007fff6a2ac000 	/usr/lib/libarchive.2.dylib
0x00007fff40b4f000 	/System/Library/Frameworks/SystemConfiguration.framework/Versions/A/SystemConfiguration
0x00007fff69c17000 	/usr/lib/libCRFSuite.dylib
0x00007fff319c8000 	/System/Library/Frameworks/CFNetwork.framework/Versions/A/CFNetwork
0x00007fff6a482000 	/usr/lib/libbsm.0.dylib
0x00007fff6d1f2000 	/usr/lib/system/libkxld.dylib
0x00007fff46a6b000 	/System/Library/PrivateFrameworks/AppleFSCompression.framework/Versions/A/AppleFSCompression
0x00007fff6a80d000 	/usr/lib/libcoretls.dylib
0x00007fff6a824000 	/usr/lib/libcoretls_cfhelpers.dylib
0x00007fff6c060000 	/usr/lib/libpam.2.dylib
0x00007fff6c195000 	/usr/lib/libsqlite3.dylib
0x00007fff6c5d4000 	/usr/lib/libxar.1.dylib
0x00007fff6a493000 	/usr/lib/libbz2.1.0.dylib
0x00007fff6af93000 	/usr/lib/libiconv.2.dylib
0x00007fff6a509000 	/usr/lib/libcharset.1.dylib
0x00007fff6bafd000 	/usr/lib/libnetwork.dylib
0x00007fff6c067000 	/usr/lib/libpcap.A.dylib
0x00007fff6a261000 	/usr/lib/libapple_nghttp2.dylib
0x00007fff348f4000 	/System/Library/Frameworks/CoreServices.framework/Versions/A/Frameworks/FSEvents.framework/Versions/A/FSEvents
0x00007fff345c4000 	/System/Library/Frameworks/CoreServices.framework/Versions/A/Frameworks/CarbonCore.framework/Versions/A/CarbonCore
0x00007fff34b38000 	/System/Library/Frameworks/CoreServices.framework/Versions/A/Frameworks/Metadata.framework/Versions/A/Metadata
0x00007fff34bd1000 	/System/Library/Frameworks/CoreServices.framework/Versions/A/Frameworks/OSServices.framework/Versions/A/OSServices
0x00007fff34bff000 	/System/Library/Frameworks/CoreServices.framework/Versions/A/Frameworks/SearchKit.framework/Versions/A/SearchKit
0x00007fff3453e000 	/System/Library/Frameworks/CoreServices.framework/Versions/A/Frameworks/AE.framework/Versions/A/AE
0x00007fff348fd000 	/System/Library/Frameworks/CoreServices.framework/Versions/A/Frameworks/LaunchServices.framework/Versions/A/LaunchServices
0x00007fff348a6000 	/System/Library/Frameworks/CoreServices.framework/Versions/A/Frameworks/DictionaryServices.framework/Versions/A/DictionaryServices
0x00007fff34c67000 	/System/Library/Frameworks/CoreServices.framework/Versions/A/Frameworks/SharedFileList.framework/Versions/A/SharedFileList
0x00007fff39aee000 	/System/Library/Frameworks/NetFS.framework/Versions/A/NetFS
0x00007fff5a790000 	/System/Library/PrivateFrameworks/NetAuth.framework/Versions/A/NetAuth
0x00007fff670f7000 	/System/Library/PrivateFrameworks/login.framework/Versions/A/Frameworks/loginsupport.framework/Versions/A/loginsupport
0x00007fff63a15000 	/System/Library/PrivateFrameworks/TCC.framework/Versions/A/TCC
0x00007fff4b690000 	/System/Library/PrivateFrameworks/CoreNLP.framework/Versions/A/CoreNLP
0x00007fff59c8d000 	/System/Library/PrivateFrameworks/MetadataUtilities.framework/Versions/A/MetadataUtilities
0x00007fff6b3cf000 	/usr/lib/libmecabra.dylib
0x00007fff6b327000 	/usr/lib/libmecab.dylib
0x00007fff6af83000 	/usr/lib/libgermantok.dylib
0x00007fff6a248000 	/usr/lib/libThaiTokenizer.dylib
0x00007fff69c4e000 	/usr/lib/libChineseTokenizer.dylib
0x00007fff2edf9000 	/System/Library/Frameworks/Accelerate.framework/Versions/A/Frameworks/vImage.framework/Versions/A/vImage
0x00007fff30263000 	/System/Library/Frameworks/Accelerate.framework/Versions/A/Frameworks/vecLib.framework/Versions/A/vecLib
0x00007fff301a0000 	/System/Library/Frameworks/Accelerate.framework/Versions/A/Frameworks/vecLib.framework/Versions/A/libvMisc.dylib
0x00007fff2ffc8000 	/System/Library/Frameworks/Accelerate.framework/Versions/A/Frameworks/vecLib.framework/Versions/A/libvDSP.dylib
0x00007fff2f450000 	/System/Library/Frameworks/Accelerate.framework/Versions/A/Frameworks/vecLib.framework/Versions/A/libBLAS.dylib
0x00007fff2fb8c000 	/System/Library/Frameworks/Accelerate.framework/Versions/A/Frameworks/vecLib.framework/Versions/A/libLAPACK.dylib
0x00007fff2ff28000 	/System/Library/Frameworks/Accelerate.framework/Versions/A/Frameworks/vecLib.framework/Versions/A/libLinearAlgebra.dylib
0x00007fff2ffb5000 	/System/Library/Frameworks/Accelerate.framework/Versions/A/Frameworks/vecLib.framework/Versions/A/libSparseBLAS.dylib
0x00007fff2ff3e000 	/System/Library/Frameworks/Accelerate.framework/Versions/A/Frameworks/vecLib.framework/Versions/A/libQuadrature.dylib
0x00007fff2f6b8000 	/System/Library/Frameworks/Accelerate.framework/Versions/A/Frameworks/vecLib.framework/Versions/A/libBNNS.dylib
0x00007fff2ff44000 	/System/Library/Frameworks/Accelerate.framework/Versions/A/Frameworks/vecLib.framework/Versions/A/libSparse.dylib
0x00007fff58803000 	/System/Library/PrivateFrameworks/LanguageModeling.framework/Versions/A/LanguageModeling
0x00007fff4b040000 	/System/Library/PrivateFrameworks/CoreEmoji.framework/Versions/A/CoreEmoji
0x00007fff58921000 	/System/Library/PrivateFrameworks/LinguisticData.framework/Versions/A/LinguisticData
0x00007fff588d2000 	/System/Library/PrivateFrameworks/Lexicon.framework/Versions/A/Lexicon
0x00007fff6a50a000 	/usr/lib/libcmph.dylib
0x00007fff3c6dc000 	/System/Library/Frameworks/OpenDirectory.framework/Versions/A/Frameworks/CFOpenDirectory.framework/Versions/A/CFOpenDirectory
0x00007fff3c6f9000 	/System/Library/Frameworks/OpenDirectory.framework/Versions/A/OpenDirectory
0x00007fff44b1e000 	/System/Library/PrivateFrameworks/APFS.framework/Versions/A/APFS
0x00007fff3fde8000 	/System/Library/Frameworks/SecurityFoundation.framework/Versions/A/SecurityFoundation
0x00007fff6c5d0000 	/usr/lib/libutil.dylib
0x00007fff4c575000 	/System/Library/PrivateFrameworks/CoreServicesStore.framework/Versions/A/CoreServicesStore
0x00007fff3fe9f000 	/System/Library/Frameworks/ServiceManagement.framework/Versions/A/ServiceManagement
0x00007fff4823a000 	/System/Library/PrivateFrameworks/BackgroundTaskManagement.framework/Versions/A/BackgroundTaskManagement
0x00007fff6c6cd000 	/usr/lib/libxslt.1.dylib
0x00007fff470de000 	/System/Library/PrivateFrameworks/AppleSystemInfo.framework/Versions/A/AppleSystemInfo
0x00007fff3629a000 	/System/Library/Frameworks/ImageIO.framework/Versions/A/Resources/libJPEG.dylib
0x00007fff36556000 	/System/Library/Frameworks/ImageIO.framework/Versions/A/Resources/libTIFF.dylib
0x00007fff36539000 	/System/Library/Frameworks/ImageIO.framework/Versions/A/Resources/libPng.dylib
0x00007fff361dc000 	/System/Library/Frameworks/ImageIO.framework/Versions/A/Resources/libGIF.dylib
0x00007fff361e0000 	/System/Library/Frameworks/ImageIO.framework/Versions/A/Resources/libJP2.dylib
0x00007fff36554000 	/System/Library/Frameworks/ImageIO.framework/Versions/A/Resources/libRadiance.dylib
0x00007fff6af4c000 	/usr/lib/libexpat.1.dylib
0x00007fff46bc6000 	/System/Library/PrivateFrameworks/AppleJPEG.framework/Versions/A/AppleJPEG
0x00007fff4f874000 	/System/Library/PrivateFrameworks/FontServices.framework/libFontParser.dylib
0x00007fff660fc000 	/System/Library/PrivateFrameworks/WatchdogClient.framework/Versions/A/WatchdogClient
0x00007fff57e5e000 	/System/Library/PrivateFrameworks/IOAccelerator.framework/Versions/A/IOAccelerator
0x00007fff38a66000 	/System/Library/Frameworks/MetalPerformanceShaders.framework/Versions/A/MetalPerformanceShaders
0x00007fff545f5000 	/System/Library/PrivateFrameworks/GPUWrangler.framework/Versions/A/GPUWrangler
0x00007fff57e73000 	/System/Library/PrivateFrameworks/IOPresentment.framework/Versions/A/IOPresentment
0x00007fff4d0f2000 	/System/Library/PrivateFrameworks/DSExternalDisplay.framework/Versions/A/DSExternalDisplay
0x00007fff3d06d000 	/System/Library/Frameworks/OpenGL.framework/Versions/A/Libraries/libCoreFSCache.dylib
0x00007fff387b2000 	/System/Library/Frameworks/MetalPerformanceShaders.framework/Frameworks/MPSCore.framework/Versions/A/MPSCore
0x00007fff387f0000 	/System/Library/Frameworks/MetalPerformanceShaders.framework/Frameworks/MPSImage.framework/Versions/A/MPSImage
0x00007fff388b7000 	/System/Library/Frameworks/MetalPerformanceShaders.framework/Frameworks/MPSNeuralNetwork.framework/Versions/A/MPSNeuralNetwork
0x00007fff3887b000 	/System/Library/Frameworks/MetalPerformanceShaders.framework/Frameworks/MPSMatrix.framework/Versions/A/MPSMatrix
0x00007fff38a16000 	/System/Library/Frameworks/MetalPerformanceShaders.framework/Frameworks/MPSRayIntersector.framework/Versions/A/MPSRayIntersector
0x00007fff388a1000 	/System/Library/Frameworks/MetalPerformanceShaders.framework/Frameworks/MPSNDArray.framework/Versions/A/MPSNDArray
0x00007fff59cda000 	/System/Library/PrivateFrameworks/MetalTools.framework/Versions/A/MetalTools
0x00007fff45cf3000 	/System/Library/PrivateFrameworks/AggregateDictionary.framework/Versions/A/AggregateDictionary
0x00007fff4aa8a000 	/System/Library/PrivateFrameworks/CoreAnalytics.framework/Versions/A/CoreAnalytics
0x00007fff46ffd000 	/System/Library/PrivateFrameworks/AppleSauce.framework/Versions/A/AppleSauce
0x00007fff69f0a000 	/usr/lib/libIOReport.dylib
0x00007fff35168000 	/System/Library/Frameworks/CoreVideo.framework/Versions/A/CoreVideo
0x00007fff55a6f000 	/System/Library/PrivateFrameworks/GraphVisualizer.framework/Versions/A/GraphVisualizer
0x00007fff4edbb000 	/System/Library/PrivateFrameworks/FaceCore.framework/Versions/A/FaceCore
0x00007fff3c683000 	/System/Library/Frameworks/OpenCL.framework/Versions/A/OpenCL
0x00007fff69d2c000 	/usr/lib/libFosl_dynamic.dylib
0x00007fff5b1b0000 	/System/Library/PrivateFrameworks/OTSVG.framework/Versions/A/OTSVG
0x00007fff31322000 	/System/Library/Frameworks/ApplicationServices.framework/Versions/A/Frameworks/ATS.framework/Versions/A/Resources/libFontRegistry.dylib
0x00007fff4fa46000 	/System/Library/PrivateFrameworks/FontServices.framework/libhvf.dylib
0x00007fff3d078000 	/System/Library/Frameworks/OpenGL.framework/Versions/A/Libraries/libGFXShared.dylib
0x00007fff3d256000 	/System/Library/Frameworks/OpenGL.framework/Versions/A/Libraries/libGLU.dylib
0x00007fff3d081000 	/System/Library/Frameworks/OpenGL.framework/Versions/A/Libraries/libGL.dylib
0x00007fff3d08c000 	/System/Library/Frameworks/OpenGL.framework/Versions/A/Libraries/libGLImage.dylib
0x00007fff3d06a000 	/System/Library/Frameworks/OpenGL.framework/Versions/A/Libraries/libCVMSPluginSupport.dylib
0x00007fff3d073000 	/System/Library/Frameworks/OpenGL.framework/Versions/A/Libraries/libCoreVMClient.dylib
0x00007fff6b99e000 	/usr/lib/libncurses.5.4.dylib
0x00007fff3121e000 	/System/Library/Frameworks/ApplicationServices.framework/Versions/A/Frameworks/ATS.framework/Versions/A/ATS
0x00007fff313eb000 	/System/Library/Frameworks/ApplicationServices.framework/Versions/A/Frameworks/ColorSyncLegacy.framework/Versions/A/ColorSyncLegacy
0x00007fff31489000 	/System/Library/Frameworks/ApplicationServices.framework/Versions/A/Frameworks/HIServices.framework/Versions/A/HIServices
0x00007fff314e1000 	/System/Library/Frameworks/ApplicationServices.framework/Versions/A/Frameworks/LangAnalysis.framework/Versions/A/LangAnalysis
0x00007fff314f0000 	/System/Library/Frameworks/ApplicationServices.framework/Versions/A/Frameworks/PrintCore.framework/Versions/A/PrintCore
0x00007fff31536000 	/System/Library/Frameworks/ApplicationServices.framework/Versions/A/Frameworks/QD.framework/Versions/A/QD
0x00007fff31541000 	/System/Library/Frameworks/ApplicationServices.framework/Versions/A/Frameworks/SpeechSynthesis.framework/Versions/A/SpeechSynthesis
0x00007fff313bb000 	/System/Library/Frameworks/ApplicationServices.framework/Versions/A/Frameworks/ATSUI.framework/Versions/A/ATSUI
0x00007fff6ade2000 	/usr/lib/libcups.2.dylib
0x00007fff37b01000 	/System/Library/Frameworks/Kerberos.framework/Versions/A/Kerberos
0x00007fff35c42000 	/System/Library/Frameworks/GSS.framework/Versions/A/GSS
0x00007fff6c121000 	/usr/lib/libresolv.9.dylib
0x00007fff55c1c000 	/System/Library/PrivateFrameworks/Heimdal.framework/Versions/A/Heimdal
0x00007fff37b14000 	/System/Library/Frameworks/Kerberos.framework/Versions/A/Libraries/libHeimdalProxy.dylib
0x00007fff6af89000 	/usr/lib/libheimdal-asn1.dylib
0x00007fff49f25000 	/System/Library/PrivateFrameworks/CommonAuth.framework/Versions/A/CommonAuth
0x00007fff4717b000 	/System/Library/PrivateFrameworks/AssertionServices.framework/Versions/A/AssertionServices
0x00007fff47d1d000 	/System/Library/PrivateFrameworks/AudioToolboxCore.framework/Versions/A/AudioToolboxCore
0x00007fff66da7000 	/System/Library/PrivateFrameworks/caulk.framework/Versions/A/caulk
0x00007fff482e6000 	/System/Library/PrivateFrameworks/BaseBoard.framework/Versions/A/BaseBoard
0x00007fff5f407000 	/System/Library/PrivateFrameworks/RunningBoardServices.framework/Versions/A/RunningBoardServices
0x00007fff5c41b000 	/System/Library/PrivateFrameworks/PersistentConnection.framework/Versions/A/PersistentConnection
0x00007fff5ee01000 	/System/Library/PrivateFrameworks/ProtocolBuffer.framework/Versions/A/ProtocolBuffer
0x00007fff49f49000 	/System/Library/PrivateFrameworks/CommonUtilities.framework/Versions/A/CommonUtilities
0x00007fff48474000 	/System/Library/PrivateFrameworks/Bom.framework/Versions/A/Bom
0x00007fff69bdd000 	/usr/lib/libAudioToolboxUtility.dylib
0x00007fff48244000 	/System/Library/PrivateFrameworks/Backup.framework/Versions/A/Backup
0x00007fff4d013000 	/System/Library/PrivateFrameworks/CrashReporterSupport.framework/Versions/A/CrashReporterSupport
0x00007fff60e98000 	/System/Library/PrivateFrameworks/Sharing.framework/Versions/A/Sharing
0x00007fff46789000 	/System/Library/PrivateFrameworks/Apple80211.framework/Versions/A/Apple80211
0x00007fff47f61000 	/System/Library/PrivateFrameworks/AuthKit.framework/Versions/A/AuthKit
0x00007fff4cd23000 	/System/Library/PrivateFrameworks/CoreUtils.framework/Versions/A/CoreUtils
0x00007fff351ad000 	/System/Library/Frameworks/CoreWLAN.framework/Versions/A/CoreWLAN
0x00007fff35dcf000 	/System/Library/Frameworks/IOBluetooth.framework/Versions/A/IOBluetooth
0x00007fff59fdf000 	/System/Library/PrivateFrameworks/MobileKeyBag.framework/Versions/A/MobileKeyBag
0x00007fff4bb28000 	/System/Library/PrivateFrameworks/CorePhoneNumbers.framework/Versions/A/CorePhoneNumbers
0x00007fff46b79000 	/System/Library/PrivateFrameworks/AppleIDAuthSupport.framework/Versions/A/AppleIDAuthSupport
0x00007fff39afb000 	/System/Library/Frameworks/Network.framework/Versions/A/Network
0x00007fff586af000 	/System/Library/PrivateFrameworks/KeychainCircle.framework/Versions/A/KeychainCircle
0x00007fff32c01000 	/System/Library/Frameworks/CoreBluetooth.framework/Versions/A/CoreBluetooth
0x00007fff62f15000 	/System/Library/PrivateFrameworks/SpeechRecognitionCore.framework/Versions/A/SpeechRecognitionCore
0x000000010d800000 	/Library/Java/JavaVirtualMachines/jdk1.8.0_241.jdk/Contents/Home/jre/lib/server/libjvm.dylib
0x00007fff6c4a3000 	/usr/lib/libstdc++.6.dylib
0x000000010cf52000 	/Library/Java/JavaVirtualMachines/jdk1.8.0_241.jdk/Contents/Home/jre/lib/libverify.dylib
0x000000010cf60000 	/Library/Java/JavaVirtualMachines/jdk1.8.0_241.jdk/Contents/Home/jre/lib/libjava.dylib
0x000000010cfe0000 	/Library/Java/JavaVirtualMachines/jdk1.8.0_241.jdk/Contents/Home/jre/lib/libzip.dylib
0x0000000115bae000 	/Library/Java/JavaVirtualMachines/jdk1.8.0_241.jdk/Contents/Home/jre/lib/libawt.dylib
0x0000000115c57000 	/Library/Java/JavaVirtualMachines/jdk1.8.0_241.jdk/Contents/Home/jre/lib/libmlib_image.dylib
0x00007fff37aeb000 	/System/Library/Frameworks/JavaVM.framework/Versions/A/Frameworks/JavaNativeFoundation.framework/Versions/A/JavaNativeFoundation
0x00007fff37af4000 	/System/Library/Frameworks/JavaVM.framework/Versions/A/Frameworks/JavaRuntimeSupport.framework/Versions/A/JavaRuntimeSupport
0x00007fff37afc000 	/System/Library/Frameworks/JavaVM.framework/Versions/A/JavaVM
0x00007fff584c6000 	/System/Library/PrivateFrameworks/JavaLaunching.framework/Versions/A/JavaLaunching
0x00007fff31dd2000 	/System/Library/Frameworks/Carbon.framework/Versions/A/Carbon
0x00007fff4cac8000 	/System/Library/PrivateFrameworks/CoreSymbolication.framework/Versions/A/CoreSymbolication
0x00007fff31dd3000 	/System/Library/Frameworks/Carbon.framework/Versions/A/Frameworks/CommonPanels.framework/Versions/A/CommonPanels
0x00007fff320cc000 	/System/Library/Frameworks/Carbon.framework/Versions/A/Frameworks/Help.framework/Versions/A/Help
0x00007fff320d0000 	/System/Library/Frameworks/Carbon.framework/Versions/A/Frameworks/ImageCapture.framework/Versions/A/ImageCapture
0x00007fff320d7000 	/System/Library/Frameworks/Carbon.framework/Versions/A/Frameworks/OpenScripting.framework/Versions/A/OpenScripting
0x00007fff320d6000 	/System/Library/Frameworks/Carbon.framework/Versions/A/Frameworks/Ink.framework/Versions/A/Ink
0x00007fff32112000 	/System/Library/Frameworks/Carbon.framework/Versions/A/Frameworks/Print.framework/Versions/A/Print
0x00007fff32113000 	/System/Library/Frameworks/Carbon.framework/Versions/A/Frameworks/SecurityHI.framework/Versions/A/SecurityHI
0x00007fff4d247000 	/System/Library/PrivateFrameworks/DebugSymbols.framework/Versions/A/DebugSymbols
0x0000000115d23000 	/Library/Java/JavaVirtualMachines/jdk1.8.0_241.jdk/Contents/Home/jre/lib/libawt_lwawt.dylib
0x0000000115ddd000 	/Library/Java/JavaVirtualMachines/jdk1.8.0_241.jdk/Contents/Home/jre/lib/libosxapp.dylib
0x00007fff356ab000 	/System/Library/Frameworks/ExceptionHandling.framework/Versions/A/ExceptionHandling
0x00007fff4c541000 	/System/Library/PrivateFrameworks/CoreServicesInternal.framework/Versions/A/CoreServicesInternal
0x00007fff356ca000 	/System/Library/Frameworks/FileProvider.framework/Versions/A/FileProvider
0x00007fff30264000 	/System/Library/Frameworks/Accounts.framework/Versions/A/Accounts
0x00007fff5491a000 	/System/Library/PrivateFrameworks/GenerationalStorage.framework/Versions/A/GenerationalStorage
0x00007fff63755000 	/System/Library/PrivateFrameworks/SymptomDiagnosticReporter.framework/Versions/A/SymptomDiagnosticReporter
0x00007fff4628e000 	/System/Library/PrivateFrameworks/AppContainer.framework/Versions/A/AppContainer
0x00007fff6c13b000 	/usr/lib/libsandbox.1.dylib
0x00007fff650a0000 	/System/Library/PrivateFrameworks/UserManagement.framework/Versions/A/UserManagement
0x00007fff4902f000 	/System/Library/PrivateFrameworks/ChunkingLibrary.framework/Versions/A/ChunkingLibrary
0x00007fff46300000 	/System/Library/PrivateFrameworks/AppSandbox.framework/Versions/A/AppSandbox
0x00007fff60d22000 	/System/Library/PrivateFrameworks/SecCodeWrapper.framework/Versions/A/SecCodeWrapper
0x00007fff69ff2000 	/usr/lib/libMatch.1.dylib
0x00007fff26248000 	/System/Library/CoreServices/RawCamera.bundle/Contents/MacOS/RawCamera
0x00007fff59e09000 	/System/Library/PrivateFrameworks/MobileAsset.framework/Versions/A/MobileAsset
0x00007fff635fd000 	/System/Library/PrivateFrameworks/StreamingZip.framework/Versions/A/StreamingZip
0x00007fff37f7c000 	/System/Library/Frameworks/MediaToolbox.framework/Versions/A/MediaToolbox
0x00007fff4aa3a000 	/System/Library/PrivateFrameworks/CoreAVCHD.framework/Versions/A/CoreAVCHD
0x00007fff37ea6000 	/System/Library/Frameworks/MediaAccessibility.framework/Versions/A/MediaAccessibility
0x00007fff591be000 	/System/Library/PrivateFrameworks/Mangrove.framework/Versions/A/Mangrove
0x00007fff34375000 	/System/Library/Frameworks/CoreMedia.framework/Versions/A/CoreMedia
0x00007fff5942a000 	/System/Library/PrivateFrameworks/MediaExperience.framework/Versions/A/MediaExperience
0x00007fff40e3c000 	/System/Library/Frameworks/VideoToolbox.framework/Versions/A/VideoToolbox
0x00007fff4a664000 	/System/Library/PrivateFrameworks/CoreAUC.framework/Versions/A/CoreAUC
0x00007fff6c193000 	/usr/lib/libspindump.dylib
0x00007fff476cc000 	/System/Library/PrivateFrameworks/AudioResourceArbitration.framework/Versions/A/AudioResourceArbitration
0x00007fff470e2000 	/System/Library/PrivateFrameworks/AppleVA.framework/Versions/A/AppleVA
0x00007fff2ede2000 	/System/Library/Frameworks/Accelerate.framework/Versions/A/Frameworks/vImage.framework/Versions/A/Libraries/libCGInterfaces.dylib
0x0000000117625000 	/usr/lib/libobjc-trampolines.dylib
0x00007fff4f9ad000 	/System/Library/PrivateFrameworks/FontServices.framework/libTrueTypeScaler.dylib
0x00007fff2cf63000 	/System/Library/Extensions/AppleIntelSKLGraphicsMTLDriver.bundle/Contents/MacOS/AppleIntelSKLGraphicsMTLDriver
0x00007fff52f37000 	/System/Library/PrivateFrameworks/GPUCompiler.framework/Versions/3902/Libraries/libmetal_timestamp.dylib
0x00007fff4f1e5000 	/System/Library/PrivateFrameworks/FamilyControls.framework/Versions/A/FamilyControls
0x00007fff49f19000 	/System/Library/PrivateFrameworks/CommerceKit.framework/Versions/A/Frameworks/CommerceCore.framework/Versions/A/CommerceCore
0x00007fff637cf000 	/System/Library/PrivateFrameworks/SystemAdministration.framework/Versions/A/SystemAdministration
0x00007fff4d773000 	/System/Library/PrivateFrameworks/DiskManagement.framework/Versions/A/DiskManagement
0x00007fff353f6000 	/System/Library/Frameworks/DirectoryService.framework/Versions/A/DirectoryService
0x00007fff4d6aa000 	/System/Library/PrivateFrameworks/DiskImages.framework/Versions/A/DiskImages
0x00007fff589ca000 	/System/Library/PrivateFrameworks/LoginUIKit.framework/Versions/A/Frameworks/LoginUICore.framework/Versions/A/LoginUICore
0x00007fff69c59000 	/usr/lib/libCoreStorage.dylib
0x00007fff6adcf000 	/usr/lib/libcsfde.dylib
0x00007fff6c04e000 	/usr/lib/libodfde.dylib
0x00007fff594b5000 	/System/Library/PrivateFrameworks/MediaKit.framework/Versions/A/MediaKit
0x00007fff35402000 	/System/Library/Frameworks/DiscRecording.framework/Versions/A/DiscRecording
0x00007fff4d929000 	/System/Library/PrivateFrameworks/EFILogin.framework/Versions/A/EFILogin
0x00007fff5eda6000 	/System/Library/PrivateFrameworks/ProtectedCloudStorage.framework/Versions/A/ProtectedCloudStorage
0x00007fff6ae43000 	/usr/lib/libcurl.4.dylib
0x00007fff6acc8000 	/usr/lib/libcrypto.44.dylib
0x00007fff6c473000 	/usr/lib/libssl.46.dylib
0x00007fff37b15000 	/System/Library/Frameworks/LDAP.framework/Versions/A/LDAP
0x00007fff6419c000 	/System/Library/PrivateFrameworks/TrustEvaluationAgent.framework/Versions/A/TrustEvaluationAgent
0x00007fff6c180000 	/usr/lib/libsasl2.2.dylib
0x00007fff4adb4000 	/System/Library/PrivateFrameworks/CoreDaemon.framework/Versions/B/CoreDaemon
0x00007fff46ff8000 	/System/Library/PrivateFrameworks/AppleSRP.framework/Versions/A/AppleSRP
0x00007fff65e6c000 	/System/Library/PrivateFrameworks/ViewBridge.framework/Versions/A/ViewBridge
0x00007fff670fa000 	/System/Library/PrivateFrameworks/login.framework/Versions/A/login
0x00007fff3dcde000 	/System/Library/Frameworks/OpenGL.framework/Versions/A/Resources/GLEngine.bundle/GLEngine
0x00007fff3d0c1000 	/System/Library/Frameworks/OpenGL.framework/Versions/A/Libraries/libGLProgrammability.dylib
0x00007fff2bf5a000 	/System/Library/Extensions/AppleIntelSKLGraphicsGLDriver.bundle/Contents/MacOS/AppleIntelSKLGraphicsGLDriver
0x00007fff545e9000 	/System/Library/PrivateFrameworks/GPUSupport.framework/Versions/A/Libraries/libGPUSupportMercury.dylib
0x00007fff3de58000 	/System/Library/Frameworks/OpenGL.framework/Versions/A/Resources/GLRendererFloat.bundle/GLRendererFloat
0x00007fff3c67a000 	/System/Library/Frameworks/OpenCL.framework/Versions/A/Libraries/libcldcpuengine.dylib
0x0000000118f4e000 	/Library/Java/JavaVirtualMachines/jdk1.8.0_241.jdk/Contents/Home/jre/lib/libfontmanager.dylib
0x00007fff55a9b000 	/System/Library/PrivateFrameworks/HDRProcessing.framework/Versions/A/HDRProcessing
0x000000011a37f000 	/Library/Java/JavaVirtualMachines/jdk1.8.0_241.jdk/Contents/Home/jre/lib/libosxui.dylib
0x000000011a60d000 	/Library/Java/JavaVirtualMachines/jdk1.8.0_241.jdk/Contents/Home/jre/lib/libnet.dylib
0x000000011a423000 	/Library/Java/JavaVirtualMachines/jdk1.8.0_241.jdk/Contents/Home/jre/lib/libnio.dylib
0x0000000119fc7000 	/private/var/folders/rw/x175gvbd0wj3cb72k2p149b00000gn/T/jogamp_0000/file_cache/jln6726290296028499220/jln4394282273724804875/libgluegen-rt.jnilib
0x000000011a370000 	/private/var/folders/rw/x175gvbd0wj3cb72k2p149b00000gn/T/jogamp_0000/file_cache/jln6726290296028499220/jln4394282273724804875/libnativewindow_awt.jnilib
0x000000011a373000 	/Library/Java/JavaVirtualMachines/jdk1.8.0_241.jdk/Contents/Home/jre/lib/libjawt.dylib
0x000000015a5be000 	/private/var/folders/rw/x175gvbd0wj3cb72k2p149b00000gn/T/jogamp_0000/file_cache/jln6726290296028499220/jln4394282273724804875/libnativewindow_macosx.jnilib
0x000000015a5c8000 	/private/var/folders/rw/x175gvbd0wj3cb72k2p149b00000gn/T/jogamp_0000/file_cache/jln6726290296028499220/jln4394282273724804875/libjogl_desktop.jnilib
0x0000000160e83000 	/Library/Java/JavaVirtualMachines/jdk1.8.0_241.jdk/Contents/Home/jre/lib/libjpeg.dylib

VM Arguments:
jvm_args: -Djava.security.policy=java.policy.applet -Dfile.encoding=UTF-8 
java_command: sun.applet.AppletViewer module1.HelloWorld1591779237711.html
java_class_path (initial): /Users/shaileshgahlawat/eclipse-workspace/UCSDUnfoldingMaps/build:/Users/shaileshgahlawat/eclipse-workspace/UCSDUnfoldingMaps/lib/core.jar:/Users/shaileshgahlawat/eclipse-workspace/UCSDUnfoldingMaps/lib/gluegen-rt.jar:/Users/shaileshgahlawat/eclipse-workspace/UCSDUnfoldingMaps/lib/jogl-all.jar:/Users/shaileshgahlawat/eclipse-workspace/UCSDUnfoldingMaps/lib/log4j-1.2.15.jar:/Users/shaileshgahlawat/eclipse-workspace/UCSDUnfoldingMaps/lib/sqlite-jdbc-3.7.2.jar:/Users/shaileshgahlawat/eclipse-workspace/UCSDUnfoldingMaps/lib/json4processing.jar:/Users/shaileshgahlawat/eclipse-workspace/UCSDUnfoldingMaps/lib/libTUIO.jar:/Users/shaileshgahlawat/eclipse-workspace/UCSDUnfoldingMaps/lib/unfolding.0.9.7-uscd.jar
Launcher Type: SUN_STANDARD

Environment Variables:
PATH=/usr/bin:/bin:/usr/sbin:/sbin
SHELL=/bin/zsh

Signal Handlers:
SIGSEGV: [libjvm.dylib+0x5bd1a7], sa_mask[0]=11111111011111110111111111111111, sa_flags=SA_ONSTACK|SA_RESTART|SA_SIGINFO
SIGBUS: [libjvm.dylib+0x5bd1a7], sa_mask[0]=11111111011111110111111111111111, sa_flags=SA_RESTART|SA_SIGINFO
SIGFPE: [libjvm.dylib+0x48e178], sa_mask[0]=11111111011111110111111111111111, sa_flags=SA_RESTART|SA_SIGINFO
SIGPIPE: [libjvm.dylib+0x48e178], sa_mask[0]=11111111011111110111111111111111, sa_flags=SA_RESTART|SA_SIGINFO
SIGXFSZ: [libjvm.dylib+0x48e178], sa_mask[0]=11111111011111110111111111111111, sa_flags=SA_RESTART|SA_SIGINFO
SIGILL: [libjvm.dylib+0x48e178], sa_mask[0]=11111111011111110111111111111111, sa_flags=SA_RESTART|SA_SIGINFO
SIGUSR1: SIG_DFL, sa_mask[0]=00000000000000000000000000000000, sa_flags=none
SIGUSR2: [libjvm.dylib+0x48dc96], sa_mask[0]=00100000000000000000000000000000, sa_flags=SA_RESTART|SA_SIGINFO
SIGHUP: [libjvm.dylib+0x48c221], sa_mask[0]=11111111011111110111111111111111, sa_flags=SA_RESTART|SA_SIGINFO
SIGINT: [libjvm.dylib+0x48c221], sa_mask[0]=11111111011111110111111111111111, sa_flags=SA_RESTART|SA_SIGINFO
SIGTERM: [libjvm.dylib+0x48c221], sa_mask[0]=11111111011111110111111111111111, sa_flags=SA_RESTART|SA_SIGINFO
SIGQUIT: [libjvm.dylib+0x48c221], sa_mask[0]=11111111011111110111111111111111, sa_flags=SA_RESTART|SA_SIGINFO


---------------  S Y S T E M  ---------------

OS:Bsduname:Darwin 19.5.0 Darwin Kernel Version 19.5.0: Tue May 26 20:41:44 PDT 2020; root:xnu-6153.121.2~2/RELEASE_X86_64 x86_64
rlimit: STACK 8192k, CORE 0k, NPROC 1392, NOFILE 10240, AS infinity
load average:2.37 2.27 2.15

CPU:total 4 (initial active 4) (2 cores per cpu, 2 threads per core) family 6 model 78 stepping 3, cmov, cx8, fxsr, mmx, sse, sse2, sse3, ssse3, sse4.1, sse4.2, popcnt, avx, avx2, aes, clmul, erms, 3dnowpref, lzcnt, ht, tsc, tscinvbit, bmi1, bmi2, adx

Memory: 4k page, physical 8388608k(964820k free)

/proc/meminfo:


vm_info: Java HotSpot(TM) 64-Bit Server VM (25.241-b07) for bsd-amd64 JRE (1.8.0_241-b07), built on Dec 11 2019 02:29:59 by "java_re" with gcc 4.2.1 (Based on Apple Inc. build 5658) (LLVM build 2336.11.00)

time: Wed Jun 10 14:47:52 2020
timezone: IST
elapsed time: 1434 seconds (0d 0h 23m 54s)

